1. 0.022*"said" + 0.014*"govern" + 0.012*"He" + 0.012*"yesterday" + 0.011*"school" + 0.010*"peopl"
2. 0.011*"said" + 0.010*"point" + 0.009*"He" + 0.008*"prison" + 0.007*"season" + 0.007*"two"
3. 0.017*"the" + 0.016*"will" + 0.014*"m" + 0.014*"1" + 0.013*"s" + 0.012*"3"
4. 0.026*"s" + 0.012*"nation" + 0.010*"bank" + 0.009*"the" + 0.009*"year" + 0.008*"said"
5. 0.011*"area" + 0.011*"the" + 0.010*"presid" + 0.009*"secur" + 0.008*"kill" + 0.008*"forc"
6. 0.028*"will" + 0.019*"church" + 0.019*"servic" + 0.016*"A" + 0.015*"funer" + 0.015*"10"
7. 0.010*"wife" + 0.009*"mother" + 0.007*"On" + 0.007*"cherish" + 0.007*"death" + 0.007*"sister"
8. 0.019*"pakistan" + 0.013*"the" + 0.010*"presid" + 0.010*"s" + 0.009*"said" + 0.008*"chief"
9. 0.016*"said" + 0.010*"the" + 0.010*"s" + 0.008*"state" + 0.006*"news" + 0.005*"maryland"
10. 0.013*"said" + 0.009*"view" + 0.008*"sign" + 0.008*"com" + 0.008*"notic" + 0.008*"death"
11. 0.032*"said" + 0.018*"the" + 0.017*"govern" + 0.015*"minist" + 0.012*"pakistan" + 0.011*"countri"
12. 0.023*"said" + 0.012*"the" + 0.011*"also" + 0.009*"He" + 0.007*"work" + 0.007*"occas"
13. 0.019*"wife" + 0.015*"late" + 0.012*"love" + 0.012*"surviv" + 0.011*"great" + 0.010*"grandchildren"
14. 0.016*"Rs" + 0.016*"univers" + 0.012*"baltimor" + 0.009*"s" + 0.009*"son" + 0.009*"year"
15. 0.028*"may" + 0.021*"made" + 0.020*"s" + 0.019*"contribut" + 0.018*"memori" + 0.015*"MD"
16. 0.010*"the" + 0.009*"quetta" + 0.009*"pakistan" + 0.009*"servic" + 0.008*"railway" + 0.006*"islamabad"
17. 0.016*"justic" + 0.012*"court" + 0.011*"chief" + 0.010*"will" + 0.009*"A" + 0.007*"C"
18. 0.019*"the" + 0.019*"s" + 0.008*"said" + 0.007*"affect" + 0.006*"like" + 0.005*"need"
19. 0.008*"the" + 0.007*"said" + 0.007*"sector" + 0.006*"will" + 0.005*"also" + 0.005*"town"
20. 0.042*"polic" + 0.016*"said" + 0.013*"the" + 0.009*"man" + 0.009*"share" + 0.008*"arrest"
